['1', '2', '3', '4', '5', '6', '7', '8', '9', '11', '13', '22', '28']
Starting training...
Epoch 1 | Train Loss: 0.3359, Acc: 0.8561, Micro P/R/F1: 0.5616/0.3000/0.3911, Macro P/R/F1: 0.1985/0.0923/0.0948 | Val Loss: 0.3271, Acc: 0.8640, Micro P/R/F1: 0.6635/0.2741/0.3879, Macro P/R/F1: 0.1461/0.0854/0.0981
Epoch 2 | Train Loss: 0.3042, Acc: 0.8682, Micro P/R/F1: 0.6317/0.3459/0.4471, Macro P/R/F1: 0.3515/0.1160/0.1296 | Val Loss: 0.3281, Acc: 0.8613, Micro P/R/F1: 0.6168/0.3137/0.4159, Macro P/R/F1: 0.2899/0.1024/0.1132
Epoch 3 | Train Loss: 0.2909, Acc: 0.8737, Micro P/R/F1: 0.6621/0.3677/0.4728, Macro P/R/F1: 0.4429/0.1355/0.1617 | Val Loss: 0.3243, Acc: 0.8602, Micro P/R/F1: 0.5978/0.3416/0.4348, Macro P/R/F1: 0.3696/0.1275/0.1444
Epoch 4 | Train Loss: 0.2784, Acc: 0.8795, Micro P/R/F1: 0.6843/0.4053/0.5091, Macro P/R/F1: 0.5130/0.1633/0.2014 | Val Loss: 0.3349, Acc: 0.8542, Micro P/R/F1: 0.5655/0.3152/0.4048, Macro P/R/F1: 0.3829/0.1401/0.1688
Epoch 5 | Train Loss: 0.2652, Acc: 0.8855, Micro P/R/F1: 0.7131/0.4291/0.5358, Macro P/R/F1: 0.6232/0.1874/0.2378 | Val Loss: 0.3338, Acc: 0.8583, Micro P/R/F1: 0.5685/0.4123/0.4779, Macro P/R/F1: 0.4083/0.1543/0.1626
Epoch 6 | Train Loss: 0.2533, Acc: 0.8905, Micro P/R/F1: 0.7328/0.4550/0.5614, Macro P/R/F1: 0.7840/0.2080/0.2673 | Val Loss: 0.3326, Acc: 0.8587, Micro P/R/F1: 0.5891/0.3362/0.4281, Macro P/R/F1: 0.3403/0.1352/0.1630
Epoch 7 | Train Loss: 0.2415, Acc: 0.8966, Micro P/R/F1: 0.7537/0.4883/0.5926, Macro P/R/F1: 0.7710/0.2530/0.3298 | Val Loss: 0.3366, Acc: 0.8581, Micro P/R/F1: 0.5808/0.3517/0.4381, Macro P/R/F1: 0.3120/0.1451/0.1678
Epoch 8 | Train Loss: 0.2300, Acc: 0.9026, Micro P/R/F1: 0.7750/0.5176/0.6207, Macro P/R/F1: 0.8137/0.2840/0.3716 | Val Loss: 0.3479, Acc: 0.8553, Micro P/R/F1: 0.5512/0.4301/0.4832, Macro P/R/F1: 0.3408/0.1608/0.1651
Epoch 9 | Train Loss: 0.2178, Acc: 0.9068, Micro P/R/F1: 0.7901/0.5369/0.6393, Macro P/R/F1: 0.8147/0.3050/0.3971 | Val Loss: 0.3443, Acc: 0.8570, Micro P/R/F1: 0.5619/0.4123/0.4756, Macro P/R/F1: 0.3153/0.1655/0.1837
Epoch 10 | Train Loss: 0.2057, Acc: 0.9158, Micro P/R/F1: 0.8195/0.5806/0.6797, Macro P/R/F1: 0.8303/0.3468/0.4488 | Val Loss: 0.3496, Acc: 0.8522, Micro P/R/F1: 0.5445/0.3703/0.4409, Macro P/R/F1: 0.2923/0.1620/0.1827
Epoch 11 | Train Loss: 0.1932, Acc: 0.9225, Micro P/R/F1: 0.8390/0.6153/0.7099, Macro P/R/F1: 0.8369/0.3970/0.5044 | Val Loss: 0.3560, Acc: 0.8537, Micro P/R/F1: 0.5500/0.3843/0.4525, Macro P/R/F1: 0.3257/0.1636/0.1901
Epoch 12 | Train Loss: 0.1822, Acc: 0.9279, Micro P/R/F1: 0.8529/0.6425/0.7329, Macro P/R/F1: 0.9278/0.4375/0.5570 | Val Loss: 0.3590, Acc: 0.8569, Micro P/R/F1: 0.5711/0.3618/0.4430, Macro P/R/F1: 0.3278/0.1564/0.1864
Epoch 13 | Train Loss: 0.1700, Acc: 0.9351, Micro P/R/F1: 0.8777/0.6719/0.7611, Macro P/R/F1: 0.9369/0.4795/0.6018 | Val Loss: 0.3611, Acc: 0.8505, Micro P/R/F1: 0.5352/0.3773/0.4426, Macro P/R/F1: 0.2749/0.1720/0.1977
Epoch 14 | Train Loss: 0.1586, Acc: 0.9420, Micro P/R/F1: 0.8899/0.7114/0.7907, Macro P/R/F1: 0.9441/0.5270/0.6487 | Val Loss: 0.3744, Acc: 0.8525, Micro P/R/F1: 0.5503/0.3401/0.4203, Macro P/R/F1: 0.2838/0.1507/0.1823
Epoch 15 | Train Loss: 0.1483, Acc: 0.9469, Micro P/R/F1: 0.9032/0.7342/0.8100, Macro P/R/F1: 0.9546/0.5626/0.6801 | Val Loss: 0.3753, Acc: 0.8525, Micro P/R/F1: 0.5449/0.3766/0.4454, Macro P/R/F1: 0.2914/0.1633/0.1912
Epoch 16 | Train Loss: 0.1370, Acc: 0.9537, Micro P/R/F1: 0.9159/0.7702/0.8367, Macro P/R/F1: 0.9545/0.6212/0.7369 | Val Loss: 0.3847, Acc: 0.8503, Micro P/R/F1: 0.5344/0.3742/0.4402, Macro P/R/F1: 0.2633/0.1665/0.1890
Epoch 17 | Train Loss: 0.1270, Acc: 0.9572, Micro P/R/F1: 0.9263/0.7845/0.8495, Macro P/R/F1: 0.9631/0.6573/0.7690 | Val Loss: 0.3882, Acc: 0.8481, Micro P/R/F1: 0.5220/0.4061/0.4568, Macro P/R/F1: 0.2538/0.1826/0.2010
Epoch 18 | Train Loss: 0.1170, Acc: 0.9642, Micro P/R/F1: 0.9428/0.8170/0.8754, Macro P/R/F1: 0.9692/0.7257/0.8224 | Val Loss: 0.3963, Acc: 0.8468, Micro P/R/F1: 0.5181/0.3773/0.4367, Macro P/R/F1: 0.2789/0.1760/0.2016
Epoch 19 | Train Loss: 0.1084, Acc: 0.9677, Micro P/R/F1: 0.9463/0.8381/0.8889, Macro P/R/F1: 0.9712/0.7462/0.8370 | Val Loss: 0.4138, Acc: 0.8523, Micro P/R/F1: 0.5418/0.3921/0.4550, Macro P/R/F1: 0.3600/0.1762/0.2028
Epoch 20 | Train Loss: 0.1002, Acc: 0.9718, Micro P/R/F1: 0.9522/0.8602/0.9039, Macro P/R/F1: 0.9736/0.7792/0.8608 | Val Loss: 0.4128, Acc: 0.8536, Micro P/R/F1: 0.5491/0.3866/0.4538, Macro P/R/F1: 0.2797/0.1712/0.1987
Epoch 21 | Train Loss: 0.0912, Acc: 0.9758, Micro P/R/F1: 0.9600/0.8797/0.9181, Macro P/R/F1: 0.9721/0.8194/0.8860 | Val Loss: 0.4250, Acc: 0.8491, Micro P/R/F1: 0.5251/0.4146/0.4633, Macro P/R/F1: 0.3705/0.1922/0.2191
Epoch 22 | Train Loss: 0.0836, Acc: 0.9805, Micro P/R/F1: 0.9705/0.9007/0.9343, Macro P/R/F1: 0.9816/0.8532/0.9109 | Val Loss: 0.4292, Acc: 0.8518, Micro P/R/F1: 0.5396/0.3913/0.4536, Macro P/R/F1: 0.3660/0.1862/0.2212
Epoch 23 | Train Loss: 0.0769, Acc: 0.9828, Micro P/R/F1: 0.9722/0.9148/0.9426, Macro P/R/F1: 0.9837/0.8853/0.9299 | Val Loss: 0.4439, Acc: 0.8521, Micro P/R/F1: 0.5418/0.3874/0.4518, Macro P/R/F1: 0.3744/0.1807/0.2166
Epoch 24 | Train Loss: 0.0704, Acc: 0.9856, Micro P/R/F1: 0.9769/0.9286/0.9521, Macro P/R/F1: 0.9853/0.9054/0.9425 | Val Loss: 0.4492, Acc: 0.8465, Micro P/R/F1: 0.5148/0.4193/0.4621, Macro P/R/F1: 0.3377/0.1943/0.2164
Epoch 25 | Train Loss: 0.0640, Acc: 0.9874, Micro P/R/F1: 0.9787/0.9388/0.9583, Macro P/R/F1: 0.9856/0.9201/0.9508 | Val Loss: 0.4582, Acc: 0.8482, Micro P/R/F1: 0.5220/0.4154/0.4626, Macro P/R/F1: 0.3179/0.1951/0.2231
Epoch 26 | Train Loss: 0.0588, Acc: 0.9891, Micro P/R/F1: 0.9809/0.9476/0.9640, Macro P/R/F1: 0.9860/0.9346/0.9590 | Val Loss: 0.4707, Acc: 0.8467, Micro P/R/F1: 0.5154/0.4169/0.4609, Macro P/R/F1: 0.3203/0.1984/0.2194
Epoch 27 | Train Loss: 0.0528, Acc: 0.9919, Micro P/R/F1: 0.9860/0.9611/0.9734, Macro P/R/F1: 0.9898/0.9464/0.9671 | Val Loss: 0.4868, Acc: 0.8495, Micro P/R/F1: 0.5300/0.3843/0.4455, Macro P/R/F1: 0.3046/0.1759/0.2005
Epoch 28 | Train Loss: 0.0487, Acc: 0.9925, Micro P/R/F1: 0.9886/0.9623/0.9753, Macro P/R/F1: 0.9896/0.9513/0.9696 | Val Loss: 0.4877, Acc: 0.8468, Micro P/R/F1: 0.5184/0.3711/0.4326, Macro P/R/F1: 0.3198/0.1863/0.2186
Epoch 29 | Train Loss: 0.0440, Acc: 0.9941, Micro P/R/F1: 0.9897/0.9721/0.9808, Macro P/R/F1: 0.9916/0.9642/0.9775 | Val Loss: 0.4928, Acc: 0.8485, Micro P/R/F1: 0.5239/0.4006/0.4540, Macro P/R/F1: 0.3097/0.1914/0.2209
Epoch 30 | Train Loss: 0.0401, Acc: 0.9950, Micro P/R/F1: 0.9910/0.9766/0.9837, Macro P/R/F1: 0.9907/0.9678/0.9790 | Val Loss: 0.5124, Acc: 0.8522, Micro P/R/F1: 0.5418/0.3874/0.4518, Macro P/R/F1: 0.3222/0.1818/0.2149
Epoch 31 | Train Loss: 0.0363, Acc: 0.9958, Micro P/R/F1: 0.9928/0.9802/0.9864, Macro P/R/F1: 0.9928/0.9785/0.9855 | Val Loss: 0.5188, Acc: 0.8495, Micro P/R/F1: 0.5279/0.4037/0.4575, Macro P/R/F1: 0.3293/0.1917/0.2221
Epoch 32 | Train Loss: 0.0331, Acc: 0.9968, Micro P/R/F1: 0.9940/0.9851/0.9895, Macro P/R/F1: 0.9942/0.9817/0.9878 | Val Loss: 0.5252, Acc: 0.8498, Micro P/R/F1: 0.5321/0.3734/0.4389, Macro P/R/F1: 0.3190/0.1839/0.2183
Epoch 33 | Train Loss: 0.0305, Acc: 0.9970, Micro P/R/F1: 0.9942/0.9861/0.9901, Macro P/R/F1: 0.9928/0.9828/0.9877 | Val Loss: 0.5376, Acc: 0.8477, Micro P/R/F1: 0.5196/0.4123/0.4597, Macro P/R/F1: 0.3151/0.2012/0.2269
Epoch 34 | Train Loss: 0.0278, Acc: 0.9976, Micro P/R/F1: 0.9940/0.9901/0.9921, Macro P/R/F1: 0.9925/0.9876/0.9900 | Val Loss: 0.5567, Acc: 0.8486, Micro P/R/F1: 0.5250/0.3913/0.4484, Macro P/R/F1: 0.3159/0.1843/0.2135
Epoch 35 | Train Loss: 0.0250, Acc: 0.9979, Micro P/R/F1: 0.9948/0.9915/0.9932, Macro P/R/F1: 0.9954/0.9876/0.9915 | Val Loss: 0.5587, Acc: 0.8482, Micro P/R/F1: 0.5223/0.4099/0.4593, Macro P/R/F1: 0.3136/0.1968/0.2232
Epoch 36 | Train Loss: 0.0231, Acc: 0.9980, Micro P/R/F1: 0.9948/0.9923/0.9935, Macro P/R/F1: 0.9927/0.9897/0.9912 | Val Loss: 0.5682, Acc: 0.8490, Micro P/R/F1: 0.5269/0.3882/0.4470, Macro P/R/F1: 0.3164/0.1886/0.2196
Epoch 37 | Train Loss: 0.0210, Acc: 0.9984, Micro P/R/F1: 0.9962/0.9935/0.9948, Macro P/R/F1: 0.9935/0.9901/0.9917 | Val Loss: 0.5794, Acc: 0.8509, Micro P/R/F1: 0.5339/0.4099/0.4638, Macro P/R/F1: 0.3132/0.1901/0.2172
Epoch 38 | Train Loss: 0.0190, Acc: 0.9985, Micro P/R/F1: 0.9956/0.9946/0.9951, Macro P/R/F1: 0.9944/0.9932/0.9938 | Val Loss: 0.5888, Acc: 0.8484, Micro P/R/F1: 0.5233/0.4006/0.4538, Macro P/R/F1: 0.3132/0.1952/0.2246
Epoch 39 | Train Loss: 0.0181, Acc: 0.9983, Micro P/R/F1: 0.9956/0.9935/0.9945, Macro P/R/F1: 0.9951/0.9906/0.9928 | Val Loss: 0.6084, Acc: 0.8461, Micro P/R/F1: 0.5137/0.3929/0.4452, Macro P/R/F1: 0.3413/0.1900/0.2185
Epoch 40 | Train Loss: 0.0179, Acc: 0.9981, Micro P/R/F1: 0.9946/0.9931/0.9938, Macro P/R/F1: 0.9923/0.9905/0.9914 | Val Loss: 0.6159, Acc: 0.8494, Micro P/R/F1: 0.5285/0.3890/0.4481, Macro P/R/F1: 0.3195/0.1882/0.2198
Epoch 41 | Train Loss: 0.0152, Acc: 0.9987, Micro P/R/F1: 0.9960/0.9958/0.9959, Macro P/R/F1: 0.9953/0.9927/0.9940 | Val Loss: 0.6319, Acc: 0.8488, Micro P/R/F1: 0.5239/0.4177/0.4648, Macro P/R/F1: 0.3167/0.1975/0.2232
Epoch 42 | Train Loss: 0.0147, Acc: 0.9984, Micro P/R/F1: 0.9956/0.9942/0.9949, Macro P/R/F1: 0.9930/0.9904/0.9917 | Val Loss: 0.6381, Acc: 0.8467, Micro P/R/F1: 0.5184/0.3610/0.4256, Macro P/R/F1: 0.3115/0.1791/0.2150
Epoch 43 | Train Loss: 0.0138, Acc: 0.9985, Micro P/R/F1: 0.9950/0.9952/0.9951, Macro P/R/F1: 0.9924/0.9920/0.9922 | Val Loss: 0.6448, Acc: 0.8477, Micro P/R/F1: 0.5202/0.3991/0.4517, Macro P/R/F1: 0.3004/0.1877/0.2135
Epoch 44 | Train Loss: 0.0123, Acc: 0.9987, Micro P/R/F1: 0.9968/0.9950/0.9959, Macro P/R/F1: 0.9934/0.9926/0.9930 | Val Loss: 0.6557, Acc: 0.8488, Micro P/R/F1: 0.5274/0.3734/0.4373, Macro P/R/F1: 0.3162/0.1807/0.2144
Epoch 45 | Train Loss: 0.0125, Acc: 0.9987, Micro P/R/F1: 0.9958/0.9954/0.9956, Macro P/R/F1: 0.9924/0.9923/0.9923 | Val Loss: 0.6706, Acc: 0.8492, Micro P/R/F1: 0.5259/0.4099/0.4607, Macro P/R/F1: 0.3175/0.1956/0.2241
Epoch 46 | Train Loss: 0.0113, Acc: 0.9987, Micro P/R/F1: 0.9960/0.9956/0.9958, Macro P/R/F1: 0.9938/0.9954/0.9946 | Val Loss: 0.6976, Acc: 0.8489, Micro P/R/F1: 0.5288/0.3634/0.4307, Macro P/R/F1: 0.3064/0.1695/0.2026
Epoch 47 | Train Loss: 0.0110, Acc: 0.9986, Micro P/R/F1: 0.9966/0.9942/0.9954, Macro P/R/F1: 0.9965/0.9921/0.9943 | Val Loss: 0.6819, Acc: 0.8446, Micro P/R/F1: 0.5075/0.3936/0.4434, Macro P/R/F1: 0.3150/0.1952/0.2239
Epoch 48 | Train Loss: 0.0101, Acc: 0.9988, Micro P/R/F1: 0.9960/0.9962/0.9961, Macro P/R/F1: 0.9945/0.9933/0.9939 | Val Loss: 0.6926, Acc: 0.8498, Micro P/R/F1: 0.5312/0.3828/0.4449, Macro P/R/F1: 0.3149/0.1836/0.2160
Epoch 49 | Train Loss: 0.0092, Acc: 0.9988, Micro P/R/F1: 0.9964/0.9958/0.9961, Macro P/R/F1: 0.9937/0.9957/0.9947 | Val Loss: 0.7022, Acc: 0.8473, Micro P/R/F1: 0.5186/0.4014/0.4525, Macro P/R/F1: 0.3056/0.1891/0.2154
Epoch 50 | Train Loss: 0.0097, Acc: 0.9987, Micro P/R/F1: 0.9960/0.9956/0.9958, Macro P/R/F1: 0.9941/0.9925/0.9933 | Val Loss: 0.7121, Acc: 0.8455, Micro P/R/F1: 0.5107/0.4061/0.4524, Macro P/R/F1: 0.3066/0.1969/0.2212
Epoch 51 | Train Loss: 0.0090, Acc: 0.9988, Micro P/R/F1: 0.9964/0.9958/0.9961, Macro P/R/F1: 0.9960/0.9941/0.9950 | Val Loss: 0.7187, Acc: 0.8485, Micro P/R/F1: 0.5248/0.3859/0.4447, Macro P/R/F1: 0.3159/0.1869/0.2195
Epoch 52 | Train Loss: 0.0086, Acc: 0.9986, Micro P/R/F1: 0.9952/0.9958/0.9955, Macro P/R/F1: 0.9925/0.9931/0.9928 | Val Loss: 0.7273, Acc: 0.8466, Micro P/R/F1: 0.5153/0.4177/0.4614, Macro P/R/F1: 0.3158/0.1981/0.2232
Epoch 53 | Train Loss: 0.0077, Acc: 0.9989, Micro P/R/F1: 0.9970/0.9960/0.9965, Macro P/R/F1: 0.9946/0.9947/0.9946 | Val Loss: 0.7338, Acc: 0.8470, Micro P/R/F1: 0.5177/0.3983/0.4502, Macro P/R/F1: 0.3075/0.1925/0.2212
Epoch 54 | Train Loss: 0.0072, Acc: 0.9990, Micro P/R/F1: 0.9966/0.9968/0.9967, Macro P/R/F1: 0.9958/0.9949/0.9953 | Val Loss: 0.7415, Acc: 0.8481, Micro P/R/F1: 0.5229/0.3898/0.4466, Macro P/R/F1: 0.3073/0.1884/0.2180
Epoch 55 | Train Loss: 0.0078, Acc: 0.9988, Micro P/R/F1: 0.9964/0.9960/0.9962, Macro P/R/F1: 0.9937/0.9953/0.9945 | Val Loss: 0.7527, Acc: 0.8497, Micro P/R/F1: 0.5292/0.4014/0.4565, Macro P/R/F1: 0.3142/0.1915/0.2227
Epoch 56 | Train Loss: 0.0078, Acc: 0.9987, Micro P/R/F1: 0.9956/0.9958/0.9957, Macro P/R/F1: 0.9934/0.9924/0.9929 | Val Loss: 0.7529, Acc: 0.8474, Micro P/R/F1: 0.5205/0.3742/0.4354, Macro P/R/F1: 0.3059/0.1859/0.2182
Epoch 57 | Train Loss: 0.0071, Acc: 0.9990, Micro P/R/F1: 0.9962/0.9970/0.9966, Macro P/R/F1: 0.9937/0.9944/0.9941 | Val Loss: 0.7983, Acc: 0.8510, Micro P/R/F1: 0.5362/0.3851/0.4483, Macro P/R/F1: 0.3142/0.1753/0.2045
Epoch 58 | Train Loss: 0.0062, Acc: 0.9991, Micro P/R/F1: 0.9974/0.9970/0.9972, Macro P/R/F1: 0.9973/0.9941/0.9957 | Val Loss: 0.7972, Acc: 0.8485, Micro P/R/F1: 0.5229/0.4247/0.4687, Macro P/R/F1: 0.3074/0.1941/0.2170
Epoch 59 | Train Loss: 0.0051, Acc: 0.9993, Micro P/R/F1: 0.9980/0.9974/0.9977, Macro P/R/F1: 0.9953/0.9965/0.9959 | Val Loss: 0.7892, Acc: 0.8480, Micro P/R/F1: 0.5226/0.3866/0.4444, Macro P/R/F1: 0.2988/0.1784/0.2080
Epoch 60 | Train Loss: 0.0065, Acc: 0.9990, Micro P/R/F1: 0.9964/0.9972/0.9968, Macro P/R/F1: 0.9942/0.9942/0.9942 | Val Loss: 0.7758, Acc: 0.8474, Micro P/R/F1: 0.5190/0.4022/0.4532, Macro P/R/F1: 0.2962/0.1907/0.2176
Epoch 61 | Train Loss: 0.0060, Acc: 0.9991, Micro P/R/F1: 0.9974/0.9966/0.9970, Macro P/R/F1: 0.9967/0.9938/0.9952 | Val Loss: 0.7888, Acc: 0.8386, Micro P/R/F1: 0.4848/0.4216/0.4510, Macro P/R/F1: 0.2879/0.2088/0.2260
Epoch 62 | Train Loss: 0.0067, Acc: 0.9990, Micro P/R/F1: 0.9964/0.9970/0.9967, Macro P/R/F1: 0.9956/0.9963/0.9960 | Val Loss: 0.7878, Acc: 0.8445, Micro P/R/F1: 0.5076/0.3610/0.4220, Macro P/R/F1: 0.3047/0.1819/0.2164
Epoch 63 | Train Loss: 0.0066, Acc: 0.9989, Micro P/R/F1: 0.9968/0.9962/0.9965, Macro P/R/F1: 0.9952/0.9954/0.9953 | Val Loss: 0.8212, Acc: 0.8449, Micro P/R/F1: 0.5083/0.4045/0.4505, Macro P/R/F1: 0.2937/0.1908/0.2133
Epoch 64 | Train Loss: 0.0048, Acc: 0.9992, Micro P/R/F1: 0.9972/0.9974/0.9973, Macro P/R/F1: 0.9963/0.9965/0.9964 | Val Loss: 0.8214, Acc: 0.8475, Micro P/R/F1: 0.5205/0.3742/0.4354, Macro P/R/F1: 0.3215/0.1814/0.2148
Epoch 65 | Train Loss: 0.0051, Acc: 0.9992, Micro P/R/F1: 0.9978/0.9970/0.9974, Macro P/R/F1: 0.9971/0.9964/0.9968 | Val Loss: 0.8222, Acc: 0.8493, Micro P/R/F1: 0.5264/0.4099/0.4609, Macro P/R/F1: 0.3463/0.1929/0.2204
Epoch 66 | Train Loss: 0.0053, Acc: 0.9991, Micro P/R/F1: 0.9966/0.9978/0.9972, Macro P/R/F1: 0.9965/0.9972/0.9968 | Val Loss: 0.8357, Acc: 0.8470, Micro P/R/F1: 0.5166/0.4231/0.4652, Macro P/R/F1: 0.3056/0.1988/0.2212
Epoch 67 | Train Loss: 0.0059, Acc: 0.9990, Micro P/R/F1: 0.9976/0.9958/0.9967, Macro P/R/F1: 0.9975/0.9956/0.9966 | Val Loss: 0.8480, Acc: 0.8492, Micro P/R/F1: 0.5260/0.4161/0.4647, Macro P/R/F1: 0.3045/0.1929/0.2175
Epoch 68 | Train Loss: 0.0042, Acc: 0.9993, Micro P/R/F1: 0.9974/0.9982/0.9978, Macro P/R/F1: 0.9973/0.9961/0.9967 | Val Loss: 0.8342, Acc: 0.8476, Micro P/R/F1: 0.5209/0.3781/0.4381, Macro P/R/F1: 0.3135/0.1904/0.2224
Epoch 69 | Train Loss: 0.0045, Acc: 0.9993, Micro P/R/F1: 0.9978/0.9976/0.9977, Macro P/R/F1: 0.9958/0.9976/0.9967 | Val Loss: 0.8529, Acc: 0.8479, Micro P/R/F1: 0.5245/0.3579/0.4255, Macro P/R/F1: 0.3107/0.1757/0.2096
Epoch 70 | Train Loss: 0.0065, Acc: 0.9991, Micro P/R/F1: 0.9970/0.9968/0.9969, Macro P/R/F1: 0.9953/0.9948/0.9951 | Val Loss: 0.8416, Acc: 0.8462, Micro P/R/F1: 0.5145/0.3866/0.4415, Macro P/R/F1: 0.3037/0.1876/0.2176
Epoch 71 | Train Loss: 0.0050, Acc: 0.9991, Micro P/R/F1: 0.9968/0.9972/0.9970, Macro P/R/F1: 0.9948/0.9949/0.9949 | Val Loss: 0.8412, Acc: 0.8429, Micro P/R/F1: 0.5005/0.3688/0.4247, Macro P/R/F1: 0.3027/0.1888/0.2190
Epoch 72 | Train Loss: 0.0048, Acc: 0.9992, Micro P/R/F1: 0.9978/0.9972/0.9975, Macro P/R/F1: 0.9976/0.9958/0.9967 | Val Loss: 0.8481, Acc: 0.8449, Micro P/R/F1: 0.5082/0.4107/0.4543, Macro P/R/F1: 0.2957/0.1947/0.2185
Epoch 73 | Train Loss: 0.0045, Acc: 0.9993, Micro P/R/F1: 0.9978/0.9976/0.9977, Macro P/R/F1: 0.9961/0.9977/0.9969 | Val Loss: 0.8491, Acc: 0.8442, Micro P/R/F1: 0.5059/0.3998/0.4467, Macro P/R/F1: 0.3056/0.1964/0.2239
Epoch 74 | Train Loss: 0.0046, Acc: 0.9992, Micro P/R/F1: 0.9974/0.9976/0.9975, Macro P/R/F1: 0.9951/0.9954/0.9953 | Val Loss: 0.8870, Acc: 0.8453, Micro P/R/F1: 0.5099/0.4216/0.4615, Macro P/R/F1: 0.3317/0.1973/0.2179
Epoch 75 | Train Loss: 0.0042, Acc: 0.9993, Micro P/R/F1: 0.9976/0.9978/0.9977, Macro P/R/F1: 0.9954/0.9952/0.9953 | Val Loss: 0.8673, Acc: 0.8434, Micro P/R/F1: 0.5020/0.3851/0.4359, Macro P/R/F1: 0.3360/0.1885/0.2185
Epoch 76 | Train Loss: 0.0049, Acc: 0.9992, Micro P/R/F1: 0.9972/0.9976/0.9974, Macro P/R/F1: 0.9942/0.9954/0.9948 | Val Loss: 0.9018, Acc: 0.8463, Micro P/R/F1: 0.5150/0.3734/0.4329, Macro P/R/F1: 0.3102/0.1782/0.2074
Epoch 77 | Train Loss: 0.0037, Acc: 0.9994, Micro P/R/F1: 0.9990/0.9970/0.9980, Macro P/R/F1: 0.9988/0.9944/0.9966 | Val Loss: 0.8707, Acc: 0.8443, Micro P/R/F1: 0.5061/0.3843/0.4369, Macro P/R/F1: 0.3018/0.1893/0.2188
Epoch 78 | Train Loss: 0.0049, Acc: 0.9993, Micro P/R/F1: 0.9972/0.9982/0.9977, Macro P/R/F1: 0.9958/0.9986/0.9972 | Val Loss: 0.8751, Acc: 0.8478, Micro P/R/F1: 0.5222/0.3742/0.4360, Macro P/R/F1: 0.3200/0.1859/0.2218
Epoch 79 | Train Loss: 0.0054, Acc: 0.9991, Micro P/R/F1: 0.9974/0.9968/0.9971, Macro P/R/F1: 0.9978/0.9952/0.9965 | Val Loss: 0.8851, Acc: 0.8470, Micro P/R/F1: 0.5192/0.3680/0.4307, Macro P/R/F1: 0.2752/0.1764/0.2082
Epoch 80 | Train Loss: 0.0049, Acc: 0.9992, Micro P/R/F1: 0.9972/0.9976/0.9974, Macro P/R/F1: 0.9960/0.9954/0.9957 | Val Loss: 0.8832, Acc: 0.8449, Micro P/R/F1: 0.5088/0.3797/0.4349, Macro P/R/F1: 0.2982/0.1891/0.2190
Epoch 81 | Train Loss: 0.0040, Acc: 0.9993, Micro P/R/F1: 0.9978/0.9974/0.9976, Macro P/R/F1: 0.9961/0.9960/0.9960 | Val Loss: 0.9073, Acc: 0.8402, Micro P/R/F1: 0.4904/0.3983/0.4396, Macro P/R/F1: 0.2694/0.1849/0.2017
Epoch 82 | Train Loss: 0.0037, Acc: 0.9993, Micro P/R/F1: 0.9978/0.9978/0.9978, Macro P/R/F1: 0.9959/0.9962/0.9960 | Val Loss: 0.8864, Acc: 0.8457, Micro P/R/F1: 0.5121/0.3789/0.4355, Macro P/R/F1: 0.2746/0.1867/0.2155
Epoch 83 | Train Loss: 0.0036, Acc: 0.9993, Micro P/R/F1: 0.9978/0.9978/0.9978, Macro P/R/F1: 0.9981/0.9961/0.9971 | Val Loss: 0.9259, Acc: 0.8472, Micro P/R/F1: 0.5199/0.3657/0.4294, Macro P/R/F1: 0.2849/0.1702/0.1998
Epoch 84 | Train Loss: 0.0042, Acc: 0.9992, Micro P/R/F1: 0.9978/0.9970/0.9974, Macro P/R/F1: 0.9953/0.9939/0.9946 | Val Loss: 0.8970, Acc: 0.8453, Micro P/R/F1: 0.5095/0.4161/0.4581, Macro P/R/F1: 0.2853/0.1971/0.2201
Epoch 85 | Train Loss: 0.0030, Acc: 0.9996, Micro P/R/F1: 0.9986/0.9986/0.9986, Macro P/R/F1: 0.9982/0.9958/0.9970 | Val Loss: 0.9109, Acc: 0.8468, Micro P/R/F1: 0.5166/0.3975/0.4493, Macro P/R/F1: 0.2822/0.1880/0.2153
Epoch 86 | Train Loss: 0.0038, Acc: 0.9994, Micro P/R/F1: 0.9980/0.9978/0.9979, Macro P/R/F1: 0.9955/0.9970/0.9963 | Val Loss: 0.8944, Acc: 0.8452, Micro P/R/F1: 0.5099/0.3812/0.4363, Macro P/R/F1: 0.2949/0.1876/0.2166
Epoch 87 | Train Loss: 0.0037, Acc: 0.9993, Micro P/R/F1: 0.9980/0.9976/0.9978, Macro P/R/F1: 0.9973/0.9949/0.9961 | Val Loss: 0.9152, Acc: 0.8419, Micro P/R/F1: 0.4961/0.3983/0.4419, Macro P/R/F1: 0.3374/0.1972/0.2234
Epoch 88 | Train Loss: 0.0041, Acc: 0.9992, Micro P/R/F1: 0.9976/0.9974/0.9975, Macro P/R/F1: 0.9950/0.9951/0.9950 | Val Loss: 0.9092, Acc: 0.8386, Micro P/R/F1: 0.4841/0.4014/0.4389, Macro P/R/F1: 0.3231/0.1991/0.2214
Epoch 89 | Train Loss: 0.0039, Acc: 0.9993, Micro P/R/F1: 0.9978/0.9978/0.9978, Macro P/R/F1: 0.9960/0.9978/0.9969 | Val Loss: 0.9232, Acc: 0.8420, Micro P/R/F1: 0.4973/0.4231/0.4572, Macro P/R/F1: 0.3232/0.2008/0.2175
Epoch 90 | Train Loss: 0.0042, Acc: 0.9992, Micro P/R/F1: 0.9972/0.9974/0.9973, Macro P/R/F1: 0.9956/0.9956/0.9956 | Val Loss: 0.9211, Acc: 0.8444, Micro P/R/F1: 0.5067/0.3843/0.4371, Macro P/R/F1: 0.2779/0.1837/0.2103
Epoch 91 | Train Loss: 0.0030, Acc: 0.9994, Micro P/R/F1: 0.9984/0.9978/0.9981, Macro P/R/F1: 0.9979/0.9958/0.9968 | Val Loss: 0.9680, Acc: 0.8444, Micro P/R/F1: 0.5070/0.3657/0.4249, Macro P/R/F1: 0.2578/0.1647/0.1890
Epoch 92 | Train Loss: 0.0036, Acc: 0.9993, Micro P/R/F1: 0.9978/0.9974/0.9976, Macro P/R/F1: 0.9973/0.9965/0.9969 | Val Loss: 0.9352, Acc: 0.8484, Micro P/R/F1: 0.5257/0.3649/0.4308, Macro P/R/F1: 0.3017/0.1739/0.2077
Epoch 93 | Train Loss: 0.0032, Acc: 0.9995, Micro P/R/F1: 0.9984/0.9980/0.9982, Macro P/R/F1: 0.9977/0.9959/0.9968 | Val Loss: 0.9304, Acc: 0.8449, Micro P/R/F1: 0.5086/0.3905/0.4418, Macro P/R/F1: 0.2953/0.1870/0.2150
Epoch 94 | Train Loss: 0.0029, Acc: 0.9995, Micro P/R/F1: 0.9978/0.9990/0.9984, Macro P/R/F1: 0.9980/0.9988/0.9984 | Val Loss: 0.9575, Acc: 0.8465, Micro P/R/F1: 0.5163/0.3688/0.4303, Macro P/R/F1: 0.3027/0.1821/0.2137
Epoch 95 | Train Loss: 0.0038, Acc: 0.9993, Micro P/R/F1: 0.9978/0.9974/0.9976, Macro P/R/F1: 0.9955/0.9970/0.9962 | Val Loss: 0.9226, Acc: 0.8408, Micro P/R/F1: 0.4923/0.3960/0.4389, Macro P/R/F1: 0.3251/0.1978/0.2226
Epoch 96 | Train Loss: 0.0040, Acc: 0.9991, Micro P/R/F1: 0.9972/0.9970/0.9971, Macro P/R/F1: 0.9974/0.9954/0.9964 | Val Loss: 0.9298, Acc: 0.8435, Micro P/R/F1: 0.5027/0.3556/0.4166, Macro P/R/F1: 0.2977/0.1781/0.2121
Epoch 97 | Train Loss: 0.0037, Acc: 0.9993, Micro P/R/F1: 0.9980/0.9976/0.9978, Macro P/R/F1: 0.9972/0.9951/0.9961 | Val Loss: 0.9438, Acc: 0.8482, Micro P/R/F1: 0.5224/0.3975/0.4515, Macro P/R/F1: 0.3071/0.1911/0.2203
Epoch 98 | Train Loss: 0.0034, Acc: 0.9993, Micro P/R/F1: 0.9976/0.9976/0.9976, Macro P/R/F1: 0.9952/0.9970/0.9961 | Val Loss: 0.9436, Acc: 0.8455, Micro P/R/F1: 0.5107/0.4092/0.4543, Macro P/R/F1: 0.2989/0.1968/0.2223
Epoch 99 | Train Loss: 0.0021, Acc: 0.9995, Micro P/R/F1: 0.9980/0.9990/0.9985, Macro P/R/F1: 0.9973/0.9968/0.9970 | Val Loss: 0.9763, Acc: 0.8474, Micro P/R/F1: 0.5198/0.3874/0.4440, Macro P/R/F1: 0.3074/0.1850/0.2148
Epoch 100 | Train Loss: 0.0020, Acc: 0.9997, Micro P/R/F1: 0.9992/0.9986/0.9989, Macro P/R/F1: 0.9975/0.9982/0.9979 | Val Loss: 0.9453, Acc: 0.8443, Micro P/R/F1: 0.5059/0.4014/0.4476, Macro P/R/F1: 0.2857/0.1932/0.2194
Model trained and saved as 'model/multimodal_model_senti100epochs-v2-4.pt'
Predictions saved to /home/sdhang/LLMbillboard/output/sentiment_predictions_conf_multilabeltrainepoch100-v2-4.csv
